0 verbose cli /home/ubuntu/.nvm/versions/node/v22.12.0/bin/node /home/ubuntu/.nvm/versions/node/v22.12.0/bin/npm
1 info using npm@10.9.0
2 info using node@v22.12.0
3 silly config load:file:/home/ubuntu/.nvm/versions/node/v22.12.0/lib/node_modules/npm/npmrc
4 silly config load:file:/home/ubuntu/.npmrc
5 silly config load:file:/home/ubuntu/.nvm/versions/node/v22.12.0/etc/npmrc
6 verbose title npm install @types/bcrypt
7 verbose argv "install" "--save-dev" "@types/bcrypt"
8 verbose logfile logs-max:10 dir:/home/ubuntu/.npm/_logs/2025-09-29T17_30_15_509Z-
9 verbose logfile /home/ubuntu/.npm/_logs/2025-09-29T17_30_15_509Z-debug-0.log
10 silly logfile start cleaning logs, removing 1 files
11 silly packumentCache heap:2051538944 maxSize:512884736 maxEntrySize:256442368
12 silly logfile done cleaning log files
13 silly idealTree buildDeps
14 silly fetch manifest @types/bcrypt@*
15 silly packumentCache full:https://registry.npmjs.org/@types%2fbcrypt cache-miss
16 http fetch GET 200 https://registry.npmjs.org/@types%2fbcrypt 119ms (cache revalidated)
17 silly packumentCache full:https://registry.npmjs.org/@types%2fbcrypt set size:33612 disposed:false
18 silly placeDep ROOT @types/bcrypt@6.0.0 OK for:  want: *
19 silly fetch manifest @types/node@*
20 silly packumentCache full:https://registry.npmjs.org/@types%2fnode cache-miss
21 http fetch GET 200 https://registry.npmjs.org/@types%2fnode 104ms (cache revalidated)
22 silly packumentCache full:https://registry.npmjs.org/@types%2fnode set size:10576254 disposed:false
23 silly placeDep ROOT @types/node@24.5.2 OK for: @types/bcrypt@6.0.0 want: *
24 silly fetch manifest undici-types@~7.12.0
25 silly packumentCache full:https://registry.npmjs.org/undici-types cache-miss
26 http fetch GET 200 https://registry.npmjs.org/undici-types 42ms (cache revalidated)
27 silly packumentCache full:https://registry.npmjs.org/undici-types set size:148959 disposed:false
28 silly placeDep ROOT undici-types@7.12.0 OK for: @types/node@24.5.2 want: ~7.12.0
29 silly reify moves {}
30 silly audit bulk request {
30 silly audit   bcrypt: [ '6.0.0' ],
30 silly audit   'node-addon-api': [ '8.5.0' ],
30 silly audit   'node-gyp-build': [ '4.8.4' ],
30 silly audit   '@types/bcrypt': [ '6.0.0' ],
30 silly audit   '@types/node': [ '24.5.2' ],
30 silly audit   'undici-types': [ '7.12.0' ]
30 silly audit }
31 silly tarball no local data for @types/bcrypt@https://registry.npmjs.org/@types/bcrypt/-/bcrypt-6.0.0.tgz. Extracting by manifest.
32 http fetch GET 200 https://registry.npmjs.org/@types/bcrypt/-/bcrypt-6.0.0.tgz 88ms (cache miss)
33 http fetch POST 200 https://registry.npmjs.org/-/npm/v1/security/advisories/bulk 213ms
34 silly audit report {}
35 silly ADD node_modules/undici-types
36 silly ADD node_modules/@types/node
37 silly ADD node_modules/@types/bcrypt
38 verbose cwd /home/ubuntu
39 verbose os Linux 6.14.0-1011-aws
40 verbose node v22.12.0
41 verbose npm  v10.9.0
42 verbose exit 0
43 info ok
